<?xml version="1.0" encoding="UTF-8"?>
<testsuite name="como un usuario,  Quiero ingresar a google Translator,  A traducir palabras entre diferentes lenguajes" tests="1" skipped="0" failures="0" errors="0" timestamp="2021-08-06T19:34:58" hostname="CHMEP3MZJZ93" time="7.07">
  <properties/>
  <testcase name=": :Traducir de Ingles a Español" classname="como un usuario,  Quiero ingresar a google Translator,  A traducir palabras entre diferentes lenguajes" time="7.07"/>
  <system-out><![CDATA[]]></system-out>
  <system-err><![CDATA[ago 06, 2021 2:34:58 PM org.openqa.selenium.remote.DesiredCapabilities chrome
INFORMACIÓN: Using `new ChromeOptions()` is preferred to `DesiredCapabilities.chrome()`
Starting ChromeDriver 92.0.4515.43 (8c61b7e2989f2990d42f859cac71319137787cce-refs/branch-heads/4515@{#306}) on port 8653
Only local connections are allowed.
Please see https://chromedriver.chromium.org/security-considerations for suggestions on keeping ChromeDriver safe.
ChromeDriver was started successfully.
ago 06, 2021 2:35:02 PM org.openqa.selenium.remote.ProtocolHandshake createSession
INFORMACIÓN: Detected dialect: W3C
[Test worker] INFO net.serenitybdd.core.Serenity - 
        __    _____ _____ ____ _____   ____   _    ____  ____  _____ ____  
  _     \ \  |_   _| ____/ ___|_   _| |  _ \ / \  / ___|/ ___|| ____|  _ \ 
 (_)_____| |   | | |  _| \___ \ | |   | |_) / _ \ \___ \\___ \|  _| | | | |
  _|_____| |   | | | |___ ___) || |   |  __/ ___ \ ___) |___) | |___| |_| |
 (_)     | |   |_| |_____|____/ |_|   |_| /_/   \_\____/|____/|_____|____/ 
        /_/                                                                

TEST PASSED: : :Traducir de Ingles a Español
----------------------------------------------------------------------------
]]></system-err>
</testsuite>
